\BOOKMARK [1][-]{section.1}{\376\377\000I\000n\000t\000r\000o\000d\000u\000c\000t\000i\000o\000n\000:\000\040\000E\000n\000h\000a\000n\000c\000e\000m\000e\000n\000t\000\040\000v\000s\000.\000\040\000R\000e\000s\000t\000o\000r\000a\000t\000i\000o\000n}{}% 1
\BOOKMARK [1][-]{section.2}{\376\377\000P\000e\000r\000i\000o\000d\000i\000c\000\040\000N\000o\000i\000s\000e\000\040\000R\000e\000d\000u\000c\000t\000i\000o\000n\000\040\000i\000n\000\040\000F\000r\000e\000q\000u\000e\000n\000c\000y\000\040\000D\000o\000m\000a\000i\000n}{}% 2
\BOOKMARK [2][-]{subsection.2.1}{\376\377\000B\000a\000n\000d\000r\000e\000j\000e\000c\000t\000\040\000a\000n\000d\000\040\000N\000o\000t\000c\000h\000\040\000F\000i\000l\000t\000e\000r\000i\000n\000g}{section.2}% 3
\BOOKMARK [2][-]{subsection.2.2}{\376\377\000O\000p\000t\000i\000m\000u\000m\000\040\000N\000o\000t\000c\000h\000\040\000F\000i\000l\000t\000e\000r\000i\000n\000g}{section.2}% 4
\BOOKMARK [1][-]{section.3}{\376\377\000L\000i\000n\000e\000a\000r\000,\000\040\000P\000o\000s\000i\000t\000i\000o\000n\000-\000I\000n\000v\000a\000r\000i\000a\000n\000t\000\040\000D\000e\000g\000r\000a\000d\000a\000t\000i\000o\000n\000\040\000M\000o\000d\000e\000l}{}% 5
\BOOKMARK [1][-]{section.4}{\376\377\000E\000s\000t\000i\000m\000a\000t\000i\000n\000g\000\040\000t\000h\000e\000\040\000D\000e\000g\000r\000a\000d\000a\000t\000i\000o\000n\000\040\000F\000u\000n\000c\000t\000i\000o\000n\000\040\000H\000\050\000u\000,\000v\000\051}{}% 6
\BOOKMARK [2][-]{subsection.4.1}{\376\377\000E\000s\000t\000i\000m\000a\000t\000i\000o\000n\000\040\000b\000y\000\040\000O\000b\000s\000e\000r\000v\000a\000t\000i\000o\000n}{section.4}% 7
\BOOKMARK [2][-]{subsection.4.2}{\376\377\000E\000s\000t\000i\000m\000a\000t\000i\000o\000n\000\040\000b\000y\000\040\000E\000x\000p\000e\000r\000i\000m\000e\000n\000t\000a\000t\000i\000o\000n}{section.4}% 8
\BOOKMARK [2][-]{subsection.4.3}{\376\377\000E\000s\000t\000i\000m\000a\000t\000i\000o\000n\000\040\000b\000y\000\040\000M\000o\000d\000e\000l\000i\000n\000g}{section.4}% 9
\BOOKMARK [1][-]{section.5}{\376\377\000I\000n\000v\000e\000r\000s\000e\000\040\000F\000i\000l\000t\000e\000r\000i\000n\000g}{}% 10
\BOOKMARK [1][-]{section.6}{\376\377\000M\000i\000n\000i\000m\000u\000m\000\040\000M\000e\000a\000n\000\040\000S\000q\000u\000a\000r\000e\000\040\000E\000r\000r\000o\000r\000\040\000\050\000W\000i\000e\000n\000e\000r\000\051\000\040\000F\000i\000l\000t\000e\000r\000i\000n\000g}{}% 11
\BOOKMARK [1][-]{section.7}{\376\377\000C\000o\000n\000s\000t\000r\000a\000i\000n\000e\000d\000\040\000L\000e\000a\000s\000t\000\040\000S\000q\000u\000a\000r\000e\000s\000\040\000\050\000C\000L\000S\000\051\000\040\000F\000i\000l\000t\000e\000r\000i\000n\000g}{}% 12
\BOOKMARK [1][-]{section.8}{\376\377\000G\000e\000o\000m\000e\000t\000r\000i\000c\000\040\000M\000e\000a\000n\000\040\000F\000i\000l\000t\000e\000r}{}% 13
\BOOKMARK [1][-]{section.9}{\376\377\000P\000r\000a\000c\000t\000i\000c\000a\000l\000\040\000R\000e\000s\000t\000o\000r\000a\000t\000i\000o\000n\000\040\000W\000o\000r\000k\000f\000l\000o\000w\000\040\000\050\000E\000x\000a\000m\000-\000F\000r\000i\000e\000n\000d\000l\000y\000\051}{}% 14
\BOOKMARK [1][-]{section.10}{\376\377\000L\000e\000c\000t\000u\000r\000e\000\040\0001\0002\000:\000\040\000C\000r\000i\000t\000i\000c\000a\000l\000\040\000S\000l\000i\000d\000e\000-\000b\000y\000-\000S\000l\000i\000d\000e\000\040\000E\000x\000p\000l\000a\000n\000a\000t\000i\000o\000n}{}% 15
\BOOKMARK [2][-]{subsection.10.1}{\376\377\000S\000l\000i\000d\000e\000\040\0001\000:\000\040\000T\000i\000t\000l\000e\000\040\000S\000l\000i\000d\000e\000\040\000\050\000C\000h\000a\000p\000t\000e\000r\000\040\0005\000\051}{section.10}% 16
\BOOKMARK [2][-]{subsection.10.2}{\376\377\000S\000l\000i\000d\000e\000\040\0002\000:\000\040\000P\000e\000r\000i\000o\000d\000i\000c\000\040\000N\000o\000i\000s\000e\000\040\000R\000e\000d\000u\000c\000t\000i\000o\000n\000\040\000O\000v\000e\000r\000v\000i\000e\000w}{section.10}% 17
\BOOKMARK [2][-]{subsection.10.3}{\376\377\000S\000l\000i\000d\000e\000\040\0003\000:\000\040\000P\000e\000r\000i\000o\000d\000i\000c\000\040\000N\000o\000i\000s\000e\000\040\000R\000e\000d\000u\000c\000t\000i\000o\000n\000\040\000\050\000V\000i\000s\000u\000a\000l\000\040\000T\000r\000a\000n\000s\000i\000t\000i\000o\000n\000\051}{section.10}% 18
\BOOKMARK [2][-]{subsection.10.4}{\376\377\000S\000l\000i\000d\000e\000\040\0004\000:\000\040\000N\000o\000t\000c\000h\000\040\000P\000a\000s\000s\000\040\000v\000s\000\040\000N\000o\000t\000c\000h\000\040\000R\000e\000j\000e\000c\000t\000\040\000D\000e\000m\000o\000n\000s\000t\000r\000a\000t\000i\000o\000n}{section.10}% 19
\BOOKMARK [2][-]{subsection.10.5}{\376\377\000S\000l\000i\000d\000e\000\040\0005\000:\000\040\000R\000e\000p\000e\000a\000t\000e\000d\000\040\000N\000o\000t\000c\000h\000\040\000D\000e\000m\000o\000n\000s\000t\000r\000a\000t\000i\000o\000n}{section.10}% 20
\BOOKMARK [2][-]{subsection.10.6}{\376\377\000S\000l\000i\000d\000e\000\040\0006\000:\000\040\000O\000p\000t\000i\000m\000u\000m\000\040\000N\000o\000t\000c\000h\000\040\000F\000i\000l\000t\000e\000r\000i\000n\000g\000\040\000\050\000S\000e\000c\000t\000i\000o\000n\000\040\000S\000t\000a\000r\000t\000\051}{section.10}% 21
\BOOKMARK [2][-]{subsection.10.7}{\376\377\000S\000l\000i\000d\000e\000\040\0007\000:\000\040\000I\000d\000e\000a\000l\000\040\000v\000s\000\040\000E\000s\000t\000i\000m\000a\000t\000e\000d\000\040\000N\000o\000i\000s\000e\000\040\000S\000u\000b\000t\000r\000a\000c\000t\000i\000o\000n}{section.10}% 22
\BOOKMARK [2][-]{subsection.10.8}{\376\377\000S\000l\000i\000d\000e\000\040\0008\000:\000\040\000M\000o\000d\000u\000l\000a\000t\000i\000o\000n\000\040\000F\000u\000n\000c\000t\000i\000o\000n\000\040\000a\000n\000d\000\040\000L\000o\000c\000a\000l\000\040\000V\000a\000r\000i\000a\000n\000c\000e\000\040\000O\000b\000j\000e\000c\000t\000i\000v\000e}{section.10}% 23
\BOOKMARK [2][-]{subsection.10.9}{\376\377\000S\000l\000i\000d\000e\000\040\0009\000:\000\040\000C\000o\000n\000s\000t\000a\000n\000t\000-\000w\000\040\000N\000e\000i\000g\000h\000b\000o\000r\000h\000o\000o\000d\000\040\000A\000s\000s\000u\000m\000p\000t\000i\000o\000n}{section.10}% 24
\BOOKMARK [2][-]{subsection.10.10}{\376\377\000S\000l\000i\000d\000e\000\040\0001\0000\000:\000\040\000C\000l\000o\000s\000e\000d\000-\000F\000o\000r\000m\000\040\000O\000p\000t\000i\000m\000a\000l\000\040\000w\000\050\000x\000,\000y\000\051}{section.10}% 25
\BOOKMARK [2][-]{subsection.10.11}{\376\377\000S\000l\000i\000d\000e\000\040\0001\0001\000:\000\040\000B\000l\000o\000c\000k\000\040\000D\000i\000a\000g\000r\000a\000m\000\040\000o\000f\000\040\000O\000p\000t\000i\000m\000a\000l\000\040\000N\000o\000t\000c\000h\000\040\000F\000i\000l\000t\000e\000r\000i\000n\000g}{section.10}% 26
\BOOKMARK [2][-]{subsection.10.12}{\376\377\000S\000l\000i\000d\000e\000\040\0001\0002\000:\000\040\000O\000p\000t\000i\000m\000u\000m\000\040\000N\000o\000t\000c\000h\000\040\000F\000i\000l\000t\000e\000r\000i\000n\000g\000\040\000E\000x\000a\000m\000p\000l\000e\000\040\000O\000u\000t\000p\000u\000t}{section.10}% 27
\BOOKMARK [2][-]{subsection.10.13}{\376\377\000S\000l\000i\000d\000e\000\040\0001\0003\000:\000\040\000D\000e\000g\000r\000a\000d\000a\000t\000i\000o\000n\000\040\000M\000o\000d\000e\000l\000\040\000a\000n\000d\000\040\000E\000s\000t\000i\000m\000a\000t\000i\000o\000n\000\040\000R\000o\000u\000t\000e\000s}{section.10}% 28
\BOOKMARK [2][-]{subsection.10.14}{\376\377\000S\000l\000i\000d\000e\000\040\0001\0004\000:\000\040\000E\000s\000t\000i\000m\000a\000t\000i\000o\000n\000\040\000b\000y\000\040\000I\000m\000a\000g\000e\000\040\000O\000b\000s\000e\000r\000v\000a\000t\000i\000o\000n}{section.10}% 29
\BOOKMARK [2][-]{subsection.10.15}{\376\377\000S\000l\000i\000d\000e\000\040\0001\0005\000:\000\040\000E\000s\000t\000i\000m\000a\000t\000i\000o\000n\000\040\000b\000y\000\040\000E\000x\000p\000e\000r\000i\000m\000e\000n\000t\000a\000t\000i\000o\000n}{section.10}% 30
\BOOKMARK [2][-]{subsection.10.16}{\376\377\000S\000l\000i\000d\000e\000\040\0001\0006\000:\000\040\000A\000t\000m\000o\000s\000p\000h\000e\000r\000i\000c\000\040\000T\000u\000r\000b\000u\000l\000e\000n\000c\000e\000\040\000M\000o\000d\000e\000l\000i\000n\000g}{section.10}% 31
\BOOKMARK [2][-]{subsection.10.17}{\376\377\000S\000l\000i\000d\000e\000\040\0001\0007\000:\000\040\000M\000o\000t\000i\000o\000n\000\040\000B\000l\000u\000r\000\040\000D\000e\000r\000i\000v\000a\000t\000i\000o\000n\000\040\000\050\000S\000i\000n\000g\000l\000e\000-\000A\000x\000i\000s\000\040\000C\000a\000s\000e\000\051}{section.10}% 32
\BOOKMARK [2][-]{subsection.10.18}{\376\377\000S\000l\000i\000d\000e\000\040\0001\0008\000:\000\040\000M\000o\000t\000i\000o\000n\000\040\000B\000l\000u\000r\000\040\000D\000e\000r\000i\000v\000a\000t\000i\000o\000n\000\040\000\050\000G\000e\000n\000e\000r\000a\000l\000\040\0002\000D\000\040\000M\000o\000t\000i\000o\000n\000\051}{section.10}% 33
\BOOKMARK [2][-]{subsection.10.19}{\376\377\000S\000l\000i\000d\000e\000\040\0001\0009\000:\000\040\000I\000n\000v\000e\000r\000s\000e\000\040\000F\000i\000l\000t\000e\000r\000i\000n\000g\000\040\000a\000n\000d\000\040\000I\000t\000s\000\040\000I\000n\000s\000t\000a\000b\000i\000l\000i\000t\000y}{section.10}% 34
\BOOKMARK [2][-]{subsection.10.20}{\376\377\000S\000l\000i\000d\000e\000\040\0002\0000\000:\000\040\000R\000a\000d\000i\000u\000s\000-\000L\000i\000m\000i\000t\000e\000d\000\040\000I\000n\000v\000e\000r\000s\000e\000\040\000F\000i\000l\000t\000e\000r\000i\000n\000g\000\040\000R\000e\000s\000u\000l\000t\000s}{section.10}% 35
\BOOKMARK [2][-]{subsection.10.21}{\376\377\000S\000l\000i\000d\000e\000\040\0002\0001\000:\000\040\000M\000M\000S\000E\000\040\000O\000b\000j\000e\000c\000t\000i\000v\000e\000\040\000\050\000W\000i\000e\000n\000e\000r\000\040\000F\000o\000u\000n\000d\000a\000t\000i\000o\000n\000\051}{section.10}% 36
\BOOKMARK [2][-]{subsection.10.22}{\376\377\000S\000l\000i\000d\000e\000\040\0002\0002\000:\000\040\000F\000u\000l\000l\000\040\000I\000n\000v\000e\000r\000s\000e\000\040\000v\000s\000\040\000L\000i\000m\000i\000t\000e\000d\000\040\000I\000n\000v\000e\000r\000s\000e\000\040\000v\000s\000\040\000W\000i\000e\000n\000e\000r}{section.10}% 37
\BOOKMARK [2][-]{subsection.10.23}{\376\377\000S\000l\000i\000d\000e\000\040\0002\0003\000:\000\040\000W\000i\000e\000n\000e\000r\000\040\000U\000n\000d\000e\000r\000\040\000R\000e\000d\000u\000c\000e\000d\000\040\000N\000o\000i\000s\000e\000\040\000V\000a\000r\000i\000a\000n\000c\000e}{section.10}% 38
\BOOKMARK [1][-]{section.11}{\376\377\000Q\000u\000i\000c\000k\000\040\000F\000o\000r\000m\000u\000l\000a\000\040\000S\000h\000e\000e\000t}{}% 39
