\BOOKMARK [1][-]{section.1}{\376\377\000I\000n\000t\000r\000o\000d\000u\000c\000t\000i\000o\000n\000\040\000t\000o\000\040\000V\000H\000D\000L\000\040\000C\000o\000n\000d\000i\000t\000i\000o\000n\000a\000l\000\040\000S\000t\000a\000t\000e\000m\000e\000n\000t\000s}{}% 1
\BOOKMARK [2][-]{subsection.1.1}{\376\377\000W\000h\000e\000n\000\040\000t\000o\000\040\000U\000s\000e\000\040\000E\000a\000c\000h\000\040\000S\000t\000a\000t\000e\000m\000e\000n\000t}{section.1}% 2
\BOOKMARK [1][-]{section.2}{\376\377\000I\000F\000-\000E\000L\000S\000E\000\040\000C\000o\000n\000d\000i\000t\000i\000o\000n\000a\000l\000\040\000S\000t\000a\000t\000e\000m\000e\000n\000t}{}% 3
\BOOKMARK [2][-]{subsection.2.1}{\376\377\000B\000a\000s\000i\000c\000\040\000S\000t\000r\000u\000c\000t\000u\000r\000e}{section.2}% 4
\BOOKMARK [3][-]{subsubsection.2.1.1}{\376\377\000S\000y\000n\000t\000a\000x}{subsection.2.1}% 5
\BOOKMARK [2][-]{subsection.2.2}{\376\377\000K\000e\000y\000\040\000C\000h\000a\000r\000a\000c\000t\000e\000r\000i\000s\000t\000i\000c\000s}{section.2}% 6
\BOOKMARK [2][-]{subsection.2.3}{\376\377\000E\000x\000a\000m\000p\000l\000e\000\040\0001\000:\000\040\000D\000-\000L\000a\000t\000c\000h\000\040\000\050\000I\000F\000-\000E\000L\000S\000E\000\040\000S\000t\000a\000t\000e\000m\000e\000n\000t\000\051}{section.2}% 7
\BOOKMARK [3][-]{subsubsection.2.3.1}{\376\377\000T\000r\000u\000t\000h\000\040\000T\000a\000b\000l\000e}{subsection.2.3}% 8
\BOOKMARK [3][-]{subsubsection.2.3.2}{\376\377\000V\000H\000D\000L\000\040\000I\000m\000p\000l\000e\000m\000e\000n\000t\000a\000t\000i\000o\000n}{subsection.2.3}% 9
\BOOKMARK [3][-]{subsubsection.2.3.3}{\376\377\000E\000x\000p\000l\000a\000n\000a\000t\000i\000o\000n}{subsection.2.3}% 10
\BOOKMARK [2][-]{subsection.2.4}{\376\377\000E\000x\000a\000m\000p\000l\000e\000\040\0002\000:\000\040\000D\000-\000F\000l\000i\000p\000-\000F\000l\000o\000p\000\040\000\050\000I\000F\000-\000E\000L\000S\000E\000\040\000S\000t\000a\000t\000e\000m\000e\000n\000t\000\040\000i\000n\000\040\000P\000r\000o\000c\000e\000s\000s\000\051}{section.2}% 11
\BOOKMARK [3][-]{subsubsection.2.4.1}{\376\377\000T\000r\000u\000t\000h\000\040\000T\000a\000b\000l\000e}{subsection.2.4}% 12
\BOOKMARK [3][-]{subsubsection.2.4.2}{\376\377\000V\000H\000D\000L\000\040\000I\000m\000p\000l\000e\000m\000e\000n\000t\000a\000t\000i\000o\000n}{subsection.2.4}% 13
\BOOKMARK [3][-]{subsubsection.2.4.3}{\376\377\000K\000e\000y\000\040\000D\000i\000f\000f\000e\000r\000e\000n\000c\000e\000s\000\040\000f\000r\000o\000m\000\040\000L\000a\000t\000c\000h}{subsection.2.4}% 14
\BOOKMARK [3][-]{subsubsection.2.4.4}{\376\377\000I\000f\000-\000E\000l\000s\000e\000\040\000H\000i\000e\000r\000a\000r\000c\000h\000i\000c\000a\000l\000\040\000P\000r\000i\000o\000r\000i\000t\000y}{subsection.2.4}% 15
\BOOKMARK [1][-]{section.3}{\376\377\000C\000A\000S\000E\000\040\000S\000t\000a\000t\000e\000m\000e\000n\000t}{}% 16
\BOOKMARK [2][-]{subsection.3.1}{\376\377\000B\000a\000s\000i\000c\000\040\000S\000t\000r\000u\000c\000t\000u\000r\000e}{section.3}% 17
\BOOKMARK [3][-]{subsubsection.3.1.1}{\376\377\000S\000y\000n\000t\000a\000x}{subsection.3.1}% 18
\BOOKMARK [2][-]{subsection.3.2}{\376\377\000K\000e\000y\000\040\000C\000h\000a\000r\000a\000c\000t\000e\000r\000i\000s\000t\000i\000c\000s}{section.3}% 19
\BOOKMARK [2][-]{subsection.3.3}{\376\377\000E\000x\000a\000m\000p\000l\000e\000\040\0001\000:\000\040\0004\000-\000t\000o\000-\0001\000\040\000M\000u\000l\000t\000i\000p\000l\000e\000x\000e\000r\000\040\000\050\000C\000A\000S\000E\000\040\000S\000t\000a\000t\000e\000m\000e\000n\000t\000\051}{section.3}% 20
\BOOKMARK [3][-]{subsubsection.3.3.1}{\376\377\000B\000l\000o\000c\000k\000\040\000D\000i\000a\000g\000r\000a\000m}{subsection.3.3}% 21
\BOOKMARK [3][-]{subsubsection.3.3.2}{\376\377\000T\000r\000u\000t\000h\000\040\000T\000a\000b\000l\000e}{subsection.3.3}% 22
\BOOKMARK [3][-]{subsubsection.3.3.3}{\376\377\000V\000H\000D\000L\000\040\000I\000m\000p\000l\000e\000m\000e\000n\000t\000a\000t\000i\000o\000n\000\040\000u\000s\000i\000n\000g\000\040\000C\000A\000S\000E}{subsection.3.3}% 23
\BOOKMARK [3][-]{subsubsection.3.3.4}{\376\377\000A\000l\000t\000e\000r\000n\000a\000t\000i\000v\000e\000:\000\040\000C\000o\000n\000c\000u\000r\000r\000e\000n\000t\000\040\000C\000A\000S\000E\000\040\000S\000t\000a\000t\000e\000m\000e\000n\000t}{subsection.3.3}% 24
\BOOKMARK [2][-]{subsection.3.4}{\376\377\000E\000x\000a\000m\000p\000l\000e\000\040\0002\000:\000\040\0002\000-\000t\000o\000-\0004\000\040\000D\000e\000c\000o\000d\000e\000r\000\040\000\050\000C\000A\000S\000E\000\040\000S\000t\000a\000t\000e\000m\000e\000n\000t\000\051}{section.3}% 25
\BOOKMARK [3][-]{subsubsection.3.4.1}{\376\377\000B\000l\000o\000c\000k\000\040\000D\000i\000a\000g\000r\000a\000m}{subsection.3.4}% 26
\BOOKMARK [3][-]{subsubsection.3.4.2}{\376\377\000T\000r\000u\000t\000h\000\040\000T\000a\000b\000l\000e}{subsection.3.4}% 27
\BOOKMARK [3][-]{subsubsection.3.4.3}{\376\377\000V\000H\000D\000L\000\040\000I\000m\000p\000l\000e\000m\000e\000n\000t\000a\000t\000i\000o\000n\000\040\000u\000s\000i\000n\000g\000\040\000C\000A\000S\000E}{subsection.3.4}% 28
\BOOKMARK [3][-]{subsubsection.3.4.4}{\376\377\000K\000e\000y\000\040\000F\000e\000a\000t\000u\000r\000e\000s}{subsection.3.4}% 29
\BOOKMARK [1][-]{section.4}{\376\377\000W\000H\000E\000N\000-\000E\000L\000S\000E\000\040\000C\000o\000n\000c\000u\000r\000r\000e\000n\000t\000\040\000A\000s\000s\000i\000g\000n\000m\000e\000n\000t}{}% 30
\BOOKMARK [2][-]{subsection.4.1}{\376\377\000B\000a\000s\000i\000c\000\040\000S\000t\000r\000u\000c\000t\000u\000r\000e}{section.4}% 31
\BOOKMARK [3][-]{subsubsection.4.1.1}{\376\377\000S\000y\000n\000t\000a\000x}{subsection.4.1}% 32
\BOOKMARK [2][-]{subsection.4.2}{\376\377\000K\000e\000y\000\040\000C\000h\000a\000r\000a\000c\000t\000e\000r\000i\000s\000t\000i\000c\000s}{section.4}% 33
\BOOKMARK [2][-]{subsection.4.3}{\376\377\000E\000x\000a\000m\000p\000l\000e\000\040\0001\000:\000\040\0004\000-\000t\000o\000-\0001\000\040\000M\000u\000l\000t\000i\000p\000l\000e\000x\000e\000r\000\040\000\050\000W\000H\000E\000N\000-\000E\000L\000S\000E\000\051}{section.4}% 34
\BOOKMARK [3][-]{subsubsection.4.3.1}{\376\377\000A\000d\000v\000a\000n\000t\000a\000g\000e\000s\000\040\000o\000v\000e\000r\000\040\000C\000A\000S\000E}{subsection.4.3}% 35
\BOOKMARK [2][-]{subsection.4.4}{\376\377\000E\000x\000a\000m\000p\000l\000e\000\040\0002\000:\000\040\0002\000-\000t\000o\000-\0004\000\040\000D\000e\000c\000o\000d\000e\000r\000\040\000\050\000W\000H\000E\000N\000-\000E\000L\000S\000E\000\051}{section.4}% 36
\BOOKMARK [2][-]{subsection.4.5}{\376\377\000E\000x\000a\000m\000p\000l\000e\000\040\0003\000:\000\040\000S\000e\000r\000i\000a\000l\000-\000t\000o\000-\000P\000a\000r\000a\000l\000l\000e\000l\000\040\000S\000h\000i\000f\000t\000\040\000R\000e\000g\000i\000s\000t\000e\000r\000\040\000O\000u\000t\000p\000u\000t}{section.4}% 37
\BOOKMARK [1][-]{section.5}{\376\377\000C\000o\000m\000p\000a\000r\000i\000s\000o\000n\000:\000\040\000I\000F\000-\000E\000L\000S\000E\000\040\000v\000s\000\040\000C\000A\000S\000E\000\040\000v\000s\000\040\000W\000H\000E\000N\000-\000E\000L\000S\000E}{}% 38
\BOOKMARK [1][-]{section.6}{\376\377\000S\000e\000l\000e\000c\000t\000i\000o\000n\000\040\000G\000u\000i\000d\000e}{}% 39
\BOOKMARK [2][-]{subsection.6.1}{\376\377\000U\000s\000e\000\040\000I\000F\000-\000E\000L\000S\000E\000\040\000W\000h\000e\000n\000:}{section.6}% 40
\BOOKMARK [2][-]{subsection.6.2}{\376\377\000U\000s\000e\000\040\000C\000A\000S\000E\000\040\000W\000h\000e\000n\000:}{section.6}% 41
\BOOKMARK [2][-]{subsection.6.3}{\376\377\000U\000s\000e\000\040\000W\000H\000E\000N\000-\000E\000L\000S\000E\000\040\000W\000h\000e\000n\000:}{section.6}% 42
\BOOKMARK [1][-]{section.7}{\376\377\000A\000d\000v\000a\000n\000c\000e\000d\000\040\000E\000x\000a\000m\000p\000l\000e\000:\000\040\0004\000-\000B\000i\000t\000\040\000S\000e\000r\000i\000a\000l\000-\000t\000o\000-\000P\000a\000r\000a\000l\000l\000e\000l\000\040\000S\000h\000i\000f\000t\000\040\000R\000e\000g\000i\000s\000t\000e\000r}{}% 43
\BOOKMARK [2][-]{subsection.7.1}{\376\377\000O\000v\000e\000r\000v\000i\000e\000w}{section.7}% 44
\BOOKMARK [2][-]{subsection.7.2}{\376\377\000C\000o\000m\000p\000l\000e\000t\000e\000\040\000V\000H\000D\000L\000\040\000I\000m\000p\000l\000e\000m\000e\000n\000t\000a\000t\000i\000o\000n}{section.7}% 45
\BOOKMARK [2][-]{subsection.7.3}{\376\377\000A\000n\000a\000l\000y\000s\000i\000s}{section.7}% 46
\BOOKMARK [1][-]{section.8}{\376\377\000B\000e\000s\000t\000\040\000P\000r\000a\000c\000t\000i\000c\000e\000s}{}% 47
\BOOKMARK [2][-]{subsection.8.1}{\376\377\000G\000e\000n\000e\000r\000a\000l\000\040\000D\000e\000s\000i\000g\000n\000\040\000G\000u\000i\000d\000e\000l\000i\000n\000e\000s}{section.8}% 48
\BOOKMARK [2][-]{subsection.8.2}{\376\377\000S\000y\000n\000t\000h\000e\000s\000i\000s\000\040\000C\000o\000n\000s\000i\000d\000e\000r\000a\000t\000i\000o\000n\000s}{section.8}% 49
\BOOKMARK [1][-]{section.9}{\376\377\000C\000o\000m\000m\000o\000n\000\040\000M\000i\000s\000t\000a\000k\000e\000s\000\040\000a\000n\000d\000\040\000H\000o\000w\000\040\000t\000o\000\040\000A\000v\000o\000i\000d\000\040\000T\000h\000e\000m}{}% 50
\BOOKMARK [2][-]{subsection.9.1}{\376\377\000M\000i\000s\000t\000a\000k\000e\000\040\0001\000:\000\040\000M\000i\000s\000s\000i\000n\000g\000\040\000W\000H\000E\000N\000\040\000O\000T\000H\000E\000R\000S}{section.9}% 51
\BOOKMARK [2][-]{subsection.9.2}{\376\377\000M\000i\000s\000t\000a\000k\000e\000\040\0002\000:\000\040\000I\000n\000c\000o\000m\000p\000l\000e\000t\000e\000\040\000S\000e\000n\000s\000i\000t\000i\000v\000i\000t\000y\000\040\000L\000i\000s\000t}{section.9}% 52
\BOOKMARK [2][-]{subsection.9.3}{\376\377\000M\000i\000s\000t\000a\000k\000e\000\040\0003\000:\000\040\000C\000o\000n\000f\000u\000s\000i\000n\000g\000\040\000P\000r\000i\000o\000r\000i\000t\000y}{section.9}% 53
\BOOKMARK [2][-]{subsection.9.4}{\376\377\000M\000i\000s\000t\000a\000k\000e\000\040\0004\000:\000\040\000I\000n\000v\000a\000l\000i\000d\000\040\000U\000s\000e\000\040\000o\000f\000\040\000C\000A\000S\000E\000\040\000O\000u\000t\000s\000i\000d\000e\000\040\000P\000r\000o\000c\000e\000s\000s}{section.9}% 54
\BOOKMARK [1][-]{section.10}{\376\377\000S\000u\000m\000m\000a\000r\000y}{}% 55
\BOOKMARK [2][-]{subsection.10.1}{\376\377\000K\000e\000y\000\040\000T\000a\000k\000e\000a\000w\000a\000y\000s}{section.10}% 56
\BOOKMARK [2][-]{subsection.10.2}{\376\377\000Q\000u\000i\000c\000k\000\040\000R\000e\000f\000e\000r\000e\000n\000c\000e}{section.10}% 57
