\BOOKMARK [1][-]{section.1}{\376\377\000I\000n\000t\000r\000o\000d\000u\000c\000t\000i\000o\000n}{}% 1
\BOOKMARK [2][-]{subsection.1.1}{\376\377\000W\000h\000e\000n\000\040\000t\000o\000\040\000U\000s\000e\000\040\000E\000a\000c\000h\000\040\000S\000t\000a\000t\000e\000m\000e\000n\000t}{section.1}% 2
\BOOKMARK [1][-]{section.2}{\376\377\000I\000F\000-\000E\000L\000S\000E\000\040\000C\000o\000n\000d\000i\000t\000i\000o\000n\000a\000l\000\040\000S\000t\000a\000t\000e\000m\000e\000n\000t}{}% 3
\BOOKMARK [2][-]{subsection.2.1}{\376\377\000B\000a\000s\000i\000c\000\040\000S\000t\000r\000u\000c\000t\000u\000r\000e}{section.2}% 4
\BOOKMARK [2][-]{subsection.2.2}{\376\377\000K\000e\000y\000\040\000C\000h\000a\000r\000a\000c\000t\000e\000r\000i\000s\000t\000i\000c\000s}{section.2}% 5
\BOOKMARK [2][-]{subsection.2.3}{\376\377\000E\000x\000a\000m\000p\000l\000e\000\040\0001\000:\000\040\000D\000-\000L\000a\000t\000c\000h}{section.2}% 6
\BOOKMARK [3][-]{subsubsection.2.3.1}{\376\377\000T\000r\000u\000t\000h\000\040\000T\000a\000b\000l\000e}{subsection.2.3}% 7
\BOOKMARK [2][-]{subsection.2.4}{\376\377\000E\000x\000a\000m\000p\000l\000e\000\040\0002\000:\000\040\000D\000-\000F\000l\000i\000p\000-\000F\000l\000o\000p}{section.2}% 8
\BOOKMARK [3][-]{subsubsection.2.4.1}{\376\377\000T\000r\000u\000t\000h\000\040\000T\000a\000b\000l\000e}{subsection.2.4}% 9
\BOOKMARK [1][-]{section.3}{\376\377\000C\000A\000S\000E\000\040\000S\000t\000a\000t\000e\000m\000e\000n\000t}{}% 10
\BOOKMARK [2][-]{subsection.3.1}{\376\377\000B\000a\000s\000i\000c\000\040\000S\000t\000r\000u\000c\000t\000u\000r\000e}{section.3}% 11
\BOOKMARK [2][-]{subsection.3.2}{\376\377\000K\000e\000y\000\040\000C\000h\000a\000r\000a\000c\000t\000e\000r\000i\000s\000t\000i\000c\000s}{section.3}% 12
\BOOKMARK [2][-]{subsection.3.3}{\376\377\000E\000x\000a\000m\000p\000l\000e\000\040\0001\000:\000\040\0004\000-\000t\000o\000-\0001\000\040\000M\000u\000l\000t\000i\000p\000l\000e\000x\000e\000r}{section.3}% 13
\BOOKMARK [3][-]{subsubsection.3.3.1}{\376\377\000T\000r\000u\000t\000h\000\040\000T\000a\000b\000l\000e}{subsection.3.3}% 14
\BOOKMARK [2][-]{subsection.3.4}{\376\377\000E\000x\000a\000m\000p\000l\000e\000\040\0002\000:\000\040\0002\000-\000t\000o\000-\0004\000\040\000D\000e\000c\000o\000d\000e\000r}{section.3}% 15
\BOOKMARK [3][-]{subsubsection.3.4.1}{\376\377\000T\000r\000u\000t\000h\000\040\000T\000a\000b\000l\000e}{subsection.3.4}% 16
\BOOKMARK [1][-]{section.4}{\376\377\000W\000H\000E\000N\000-\000E\000L\000S\000E\000\040\000C\000o\000n\000c\000u\000r\000r\000e\000n\000t\000\040\000A\000s\000s\000i\000g\000n\000m\000e\000n\000t}{}% 17
\BOOKMARK [2][-]{subsection.4.1}{\376\377\000B\000a\000s\000i\000c\000\040\000S\000t\000r\000u\000c\000t\000u\000r\000e}{section.4}% 18
\BOOKMARK [2][-]{subsection.4.2}{\376\377\000K\000e\000y\000\040\000C\000h\000a\000r\000a\000c\000t\000e\000r\000i\000s\000t\000i\000c\000s}{section.4}% 19
\BOOKMARK [2][-]{subsection.4.3}{\376\377\000E\000x\000a\000m\000p\000l\000e\000\040\0001\000:\000\040\000M\000u\000l\000t\000i\000p\000l\000e\000x\000e\000r\000\040\000w\000i\000t\000h\000\040\000W\000H\000E\000N\000-\000E\000L\000S\000E}{section.4}% 20
\BOOKMARK [2][-]{subsection.4.4}{\376\377\000E\000x\000a\000m\000p\000l\000e\000\040\0002\000:\000\040\000D\000e\000c\000o\000d\000e\000r\000\040\000w\000i\000t\000h\000\040\000W\000H\000E\000N\000-\000E\000L\000S\000E}{section.4}% 21
\BOOKMARK [1][-]{section.5}{\376\377\0004\000-\000B\000i\000t\000\040\000S\000e\000r\000i\000a\000l\000-\000t\000o\000-\000P\000a\000r\000a\000l\000l\000e\000l\000\040\000S\000h\000i\000f\000t\000\040\000R\000e\000g\000i\000s\000t\000e\000r}{}% 22
\BOOKMARK [2][-]{subsection.5.1}{\376\377\000O\000v\000e\000r\000v\000i\000e\000w}{section.5}% 23
\BOOKMARK [2][-]{subsection.5.2}{\376\377\000O\000p\000e\000r\000a\000t\000i\000o\000n}{section.5}% 24
\BOOKMARK [1][-]{section.6}{\376\377\000C\000o\000m\000p\000a\000r\000i\000s\000o\000n\000\040\000a\000n\000d\000\040\000S\000e\000l\000e\000c\000t\000i\000o\000n\000\040\000G\000u\000i\000d\000e}{}% 25
\BOOKMARK [2][-]{subsection.6.1}{\376\377\000C\000o\000m\000p\000a\000r\000i\000s\000o\000n\000\040\000T\000a\000b\000l\000e}{section.6}% 26
\BOOKMARK [2][-]{subsection.6.2}{\376\377\000W\000h\000e\000n\000\040\000t\000o\000\040\000U\000s\000e}{section.6}% 27
\BOOKMARK [1][-]{section.7}{\376\377\000B\000e\000s\000t\000\040\000P\000r\000a\000c\000t\000i\000c\000e\000s}{}% 28
\BOOKMARK [1][-]{section.8}{\376\377\000C\000o\000m\000m\000o\000n\000\040\000M\000i\000s\000t\000a\000k\000e\000s\000\040\000t\000o\000\040\000A\000v\000o\000i\000d}{}% 29
